[debug] [2023-01-04T08:43:14.897Z] ----------------------------------------------------------------------
[debug] [2023-01-04T08:43:14.899Z] Command:       /usr/local/Cellar/node/18.10.0/bin/node /usr/local/bin/firebase init hosting:github
[debug] [2023-01-04T08:43:14.899Z] CLI Version:   11.19.0
[debug] [2023-01-04T08:43:14.899Z] Platform:      darwin
[debug] [2023-01-04T08:43:14.899Z] Node Version:  v18.10.0
[debug] [2023-01-04T08:43:14.901Z] Time:          Wed Jan 04 2023 10:43:14 GMT+0200 (Eastern European Standard Time)
[debug] [2023-01-04T08:43:14.901Z] ----------------------------------------------------------------------
[debug] 
[debug] [2023-01-04T08:43:14.973Z] > command requires scopes: ["email","openid","https://www.googleapis.com/auth/cloudplatformprojects.readonly","https://www.googleapis.com/auth/firebase","https://www.googleapis.com/auth/cloud-platform"]
[debug] [2023-01-04T08:43:14.973Z] > authorizing via signed-in user (dentistiqimplant@gmail.com)
[info] 
     ######## #### ########  ######## ########     ###     ######  ########
     ##        ##  ##     ## ##       ##     ##  ##   ##  ##       ##
     ######    ##  ########  ######   ########  #########  ######  ######
     ##        ##  ##    ##  ##       ##     ## ##     ##       ## ##
     ##       #### ##     ## ######## ########  ##     ##  ######  ########

You're about to initialize a Firebase project in this directory:

  /Users/alexcorsau/dentistiqimplant/dentistiq

Before we get started, keep in mind:

  * You are initializing within an existing Firebase project directory

[info] 
=== Project Setup
[info] 
[info] First, let's associate this project directory with a Firebase project.
[info] You can create multiple project aliases by running firebase use --add, 
[info] but for now we'll just set up a default project.
[info] 
[debug] [2023-01-04T08:43:14.976Z] Using project from CLI flag: dentistiq-implant
[debug] [2023-01-04T08:43:14.978Z] >>> [apiv2][query] GET https://firebase.googleapis.com/v1beta1/projects/dentistiq-implant [none]
[debug] [2023-01-04T08:43:15.446Z] <<< [apiv2][status] GET https://firebase.googleapis.com/v1beta1/projects/dentistiq-implant 200
[debug] [2023-01-04T08:43:15.446Z] <<< [apiv2][body] GET https://firebase.googleapis.com/v1beta1/projects/dentistiq-implant {"projectId":"dentistiq-implant","projectNumber":"119521788581","displayName":"dentistiq-implant","name":"projects/dentistiq-implant","resources":{"hostingSite":"dentistiq-implant"},"state":"ACTIVE","etag":"1_c25e2f94-2204-4c8c-b0f9-9abb2d4bed38"}
[info] i  Using project dentistiq-implant (dentistiq-implant) 
[info] 
=== Hosting:github Setup
[info] 
[info] i  Detected a .git folder at /Users/alexcorsau/dentistiqimplant 
[info] i  Authorizing with GitHub to upload your service account to a GitHub repository's secrets store. 
[info] 
[info] Visit this URL on this device to log in:
[info] https://github.com/login/oauth/authorize?client_id=89cf50f02ac6aaed3484&state=42632681&redirect_uri=http%3A%2F%2Flocalhost%3A9005&scope=read%3Auser%20repo%20public_repo
[info] 
[info] Waiting for authentication...
[debug] [2023-01-04T08:43:16.022Z] >>> [apiv2][query] POST https://github.com/login/oauth/access_token [none]
[debug] [2023-01-04T08:43:16.023Z] >>> [apiv2][body] POST https://github.com/login/oauth/access_token [stream]
[debug] [2023-01-04T08:43:16.457Z] <<< [apiv2][status] POST https://github.com/login/oauth/access_token 200
[debug] [2023-01-04T08:43:16.457Z] <<< [apiv2][body] POST https://github.com/login/oauth/access_token {"access_token":"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","token_type":"bearer","scope":"read:user,repo"}
[debug] [2023-01-04T08:43:16.464Z] >>> [apiv2][query] GET https://api.github.com/user [none]
[debug] [2023-01-04T08:43:16.859Z] <<< [apiv2][status] GET https://api.github.com/user 200
[debug] [2023-01-04T08:43:16.859Z] <<< [apiv2][body] GET https://api.github.com/user {"login":"alexcorsau","id":77393961,"node_id":"MDQ6VXNlcjc3MzkzOTYx","avatar_url":"https://avatars.githubusercontent.com/u/77393961?v=4","gravatar_id":"","url":"https://api.github.com/users/alexcorsau","html_url":"https://github.com/alexcorsau","followers_url":"https://api.github.com/users/alexcorsau/followers","following_url":"https://api.github.com/users/alexcorsau/following{/other_user}","gists_url":"https://api.github.com/users/alexcorsau/gists{/gist_id}","starred_url":"https://api.github.com/users/alexcorsau/starred{/owner}{/repo}","subscriptions_url":"https://api.github.com/users/alexcorsau/subscriptions","organizations_url":"https://api.github.com/users/alexcorsau/orgs","repos_url":"https://api.github.com/users/alexcorsau/repos","events_url":"https://api.github.com/users/alexcorsau/events{/privacy}","received_events_url":"https://api.github.com/users/alexcorsau/received_events","type":"User","site_admin":false,"name":null,"company":null,"blog":"","location":null,"email":null,"hireable":null,"bio":null,"twitter_username":null,"public_repos":9,"public_gists":0,"followers":0,"following":1,"created_at":"2021-01-13T13:07:36Z","updated_at":"2023-01-03T16:03:53Z","private_gists":0,"total_private_repos":0,"owned_private_repos":0,"disk_usage":57341,"collaborators":0,"two_factor_authentication":true,"plan":{"name":"free","space":976562499,"collaborators":0,"private_repos":10000}}
[info] 
[info] ✔  Success! Logged into GitHub as alexcorsau 
[info] 
